<?xml version="1.0" encoding="UTF-8"?>
<testng-results skipped="0" failed="0" ignored="0" total="1" passed="1">
  <reporter-output>
    <line>
      <![CDATA[Reporter log started]]>
    </line>
    <line>
      <![CDATA[Properties have been initiated. Moving to next step]]>
    </line>
  </reporter-output>
  <suite name="Default suite" duration-ms="38523" started-at="2019-12-09T13:52:03Z" finished-at="2019-12-09T13:52:42Z">
    <groups>
    </groups>
    <test name="Default test" duration-ms="38523" started-at="2019-12-09T13:52:03Z" finished-at="2019-12-09T13:52:42Z">
      <class name="com.tv.tests.HotelBookingTest">
        <test-method status="PASS" signature="settingUp()[pri:0, instance:com.tv.tests.HotelBookingTest@fdefd3f]" name="settingUp" is-config="true" duration-ms="18" started-at="2019-12-09T13:52:03Z" finished-at="2019-12-09T13:52:03Z">
          <reporter-output>
          </reporter-output>
        </test-method> <!-- settingUp -->
        <test-method status="PASS" signature="loadProperties()[pri:0, instance:com.tv.tests.HotelBookingTest@fdefd3f]" name="loadProperties" is-config="true" duration-ms="17" started-at="2019-12-09T13:52:03Z" finished-at="2019-12-09T13:52:03Z">
          <reporter-output>
            <line>
              <![CDATA[Reporter log started]]>
            </line>
            <line>
              <![CDATA[Properties have been initiated. Moving to next step]]>
            </line>
          </reporter-output>
        </test-method> <!-- loadProperties -->
        <test-method status="PASS" signature="setUp()[pri:0, instance:com.tv.tests.HotelBookingTest@fdefd3f]" name="setUp" is-config="true" duration-ms="10512" started-at="2019-12-09T13:52:03Z" finished-at="2019-12-09T13:52:14Z">
          <reporter-output>
          </reporter-output>
        </test-method> <!-- setUp -->
        <test-method status="PASS" signature="SignInErrorTest()[pri:1, instance:com.tv.tests.HotelBookingTest@fdefd3f]" name="SignInErrorTest" duration-ms="25433" started-at="2019-12-09T13:52:14Z" description="Verifying the hotel search  test" finished-at="2019-12-09T13:52:39Z">
          <reporter-output>
          </reporter-output>
        </test-method> <!-- SignInErrorTest -->
        <test-method status="PASS" signature="getResult(org.testng.ITestResult)[pri:0, instance:com.tv.tests.HotelBookingTest@fdefd3f]" name="getResult" is-config="true" duration-ms="1516" started-at="2019-12-09T13:52:40Z" finished-at="2019-12-09T13:52:41Z">
          <params>
            <param index="0">
              <value>
                <![CDATA[[TestResult name=SignInErrorTest status=SUCCESS method=HotelBookingTest.SignInErrorTest()[pri:1, instance:com.tv.tests.HotelBookingTest@fdefd3f] output={null}]]]>
              </value>
            </param>
          </params>
          <reporter-output>
          </reporter-output>
        </test-method> <!-- getResult -->
        <test-method status="PASS" signature="tearDown()[pri:0, instance:com.tv.tests.HotelBookingTest@fdefd3f]" name="tearDown" is-config="true" duration-ms="157" started-at="2019-12-09T13:52:41Z" finished-at="2019-12-09T13:52:42Z">
          <reporter-output>
          </reporter-output>
        </test-method> <!-- tearDown -->
        <test-method status="PASS" signature="endTest()[pri:0, instance:com.tv.tests.HotelBookingTest@fdefd3f]" name="endTest" is-config="true" duration-ms="55" started-at="2019-12-09T13:52:47Z" finished-at="2019-12-09T13:52:47Z">
          <reporter-output>
          </reporter-output>
        </test-method> <!-- endTest -->
      </class> <!-- com.tv.tests.HotelBookingTest -->
    </test> <!-- Default test -->
  </suite> <!-- Default suite -->
</testng-results>
