<?xml version="1.0" encoding="UTF-8"?>
<testng-results skipped="0" failed="0" ignored="0" total="1" passed="1">
  <reporter-output>
    <line>
      <![CDATA[Reporter log started]]>
    </line>
    <line>
      <![CDATA[Properties have been initiated. Moving to next step]]>
    </line>
  </reporter-output>
  <suite name="Default suite" duration-ms="37745" started-at="2019-12-09T14:31:39Z" finished-at="2019-12-09T14:32:16Z">
    <groups>
    </groups>
    <test name="Default test" duration-ms="37745" started-at="2019-12-09T14:31:39Z" finished-at="2019-12-09T14:32:16Z">
      <class name="com.tv.tests.FlightBookingTest">
        <test-method status="PASS" signature="settingUp()[pri:0, instance:com.tv.tests.FlightBookingTest@19d37183]" name="settingUp" is-config="true" duration-ms="181" started-at="2019-12-09T14:31:39Z" finished-at="2019-12-09T14:31:39Z">
          <reporter-output>
          </reporter-output>
        </test-method> <!-- settingUp -->
        <test-method status="PASS" signature="loadProperties()[pri:0, instance:com.tv.tests.FlightBookingTest@19d37183]" name="loadProperties" is-config="true" duration-ms="34" started-at="2019-12-09T14:31:39Z" finished-at="2019-12-09T14:31:39Z">
          <reporter-output>
            <line>
              <![CDATA[Reporter log started]]>
            </line>
            <line>
              <![CDATA[Properties have been initiated. Moving to next step]]>
            </line>
          </reporter-output>
        </test-method> <!-- loadProperties -->
        <test-method status="PASS" signature="setUp()[pri:0, instance:com.tv.tests.FlightBookingTest@19d37183]" name="setUp" is-config="true" duration-ms="13534" started-at="2019-12-09T14:31:39Z" finished-at="2019-12-09T14:31:52Z">
          <reporter-output>
          </reporter-output>
        </test-method> <!-- setUp -->
        <test-method status="PASS" signature="flightSearchTest()[pri:1, instance:com.tv.tests.FlightBookingTest@19d37183]" name="flightSearchTest" duration-ms="21767" started-at="2019-12-09T14:31:52Z" description="Verifying the flight search  test" finished-at="2019-12-09T14:32:14Z">
          <reporter-output>
          </reporter-output>
        </test-method> <!-- flightSearchTest -->
        <test-method status="PASS" signature="getResult(org.testng.ITestResult)[pri:0, instance:com.tv.tests.FlightBookingTest@19d37183]" name="getResult" is-config="true" duration-ms="1988" started-at="2019-12-09T14:32:14Z" finished-at="2019-12-09T14:32:16Z">
          <params>
            <param index="0">
              <value>
                <![CDATA[[TestResult name=flightSearchTest status=SUCCESS method=FlightBookingTest.flightSearchTest()[pri:1, instance:com.tv.tests.FlightBookingTest@19d37183] output={null}]]]>
              </value>
            </param>
          </params>
          <reporter-output>
          </reporter-output>
        </test-method> <!-- getResult -->
        <test-method status="PASS" signature="tearDown()[pri:0, instance:com.tv.tests.FlightBookingTest@19d37183]" name="tearDown" is-config="true" duration-ms="254" started-at="2019-12-09T14:32:16Z" finished-at="2019-12-09T14:32:16Z">
          <reporter-output>
          </reporter-output>
        </test-method> <!-- tearDown -->
        <test-method status="PASS" signature="endTest()[pri:0, instance:com.tv.tests.FlightBookingTest@19d37183]" name="endTest" is-config="true" duration-ms="480" started-at="2019-12-09T14:32:21Z" finished-at="2019-12-09T14:32:22Z">
          <reporter-output>
          </reporter-output>
        </test-method> <!-- endTest -->
      </class> <!-- com.tv.tests.FlightBookingTest -->
    </test> <!-- Default test -->
  </suite> <!-- Default suite -->
</testng-results>
